<?xml version="1.0" encoding="UTF-8" ?>
<testsuite tests="14" failures="10" name="com.capgemini.librarymanagementspringrest.LibraryDAOTest" time="0.028" errors="0" skipped="0">
  <properties>
    <property name="java.runtime.name" value="Java(TM) SE Runtime Environment"/>
    <property name="sun.boot.library.path" value="C:\Program Files\Java\jdk1.8.0_241\jre\bin"/>
    <property name="java.vm.version" value="25.241-b07"/>
    <property name="java.vm.vendor" value="Oracle Corporation"/>
    <property name="maven.multiModuleProjectDirectory" value="D:\librarymanagementsystem\librarymanagementspringrest"/>
    <property name="java.vendor.url" value="http://java.oracle.com/"/>
    <property name="path.separator" value=";"/>
    <property name="guice.disable.misplaced.annotation.check" value="true"/>
    <property name="java.vm.name" value="Java HotSpot(TM) 64-Bit Server VM"/>
    <property name="file.encoding.pkg" value="sun.io"/>
    <property name="user.script" value=""/>
    <property name="user.country" value="IN"/>
    <property name="sun.java.launcher" value="SUN_STANDARD"/>
    <property name="sun.os.patch.level" value=""/>
    <property name="java.vm.specification.name" value="Java Virtual Machine Specification"/>
    <property name="user.dir" value="D:\librarymanagementsystem\librarymanagementspringrest"/>
    <property name="java.runtime.version" value="1.8.0_241-b07"/>
    <property name="java.awt.graphicsenv" value="sun.awt.Win32GraphicsEnvironment"/>
    <property name="java.endorsed.dirs" value="C:\Program Files\Java\jdk1.8.0_241\jre\lib\endorsed"/>
    <property name="os.arch" value="amd64"/>
    <property name="java.io.tmpdir" value="C:\Users\navee\AppData\Local\Temp\"/>
    <property name="line.separator" value="
"/>
    <property name="java.vm.specification.vendor" value="Oracle Corporation"/>
    <property name="user.variant" value=""/>
    <property name="os.name" value="Windows 10"/>
    <property name="classworlds.conf" value="D:\librarymanagementsystem\.metadata\.plugins\org.eclipse.m2e.launching\launches\m2conf6878078704586451570.tmp"/>
    <property name="sun.jnu.encoding" value="Cp1252"/>
    <property name="java.library.path" value="C:\Program Files\Java\jdk1.8.0_241\jre\bin;C:\Windows\Sun\Java\bin;C:\Windows\system32;C:\Windows;C:/Program Files/Java/jre1.8.0_241/bin/server;C:/Program Files/Java/jre1.8.0_241/bin;C:/Program Files/Java/jre1.8.0_241/lib/amd64;D:\oracle\product\10.2.0\db_1\bin;C:\Program Files (x86)\Common Files\Oracle\Java\javapath;C:\Windows\system32;C:\Windows;C:\Windows\System32\Wbem;C:\Windows\System32\WindowsPowerShell\v1.0\;C:\Windows\System32\OpenSSH\;C:\Program Files\Git\cmd;C:\Program Files\TortoiseGit\bin;C:\Program Files\nodejs\;C:\Users\navee\AppData\Local\Microsoft\WindowsApps;;C:\Users\navee\AppData\Local\Programs\Microsoft VS Code\bin;C:\Users\navee\AppData\Roaming\npm;C:\Windows\System32;;."/>
    <property name="java.specification.name" value="Java Platform API Specification"/>
    <property name="java.class.version" value="52.0"/>
    <property name="sun.management.compiler" value="HotSpot 64-Bit Tiered Compilers"/>
    <property name="os.version" value="10.0"/>
    <property name="user.home" value="C:\Users\navee"/>
    <property name="user.timezone" value="Asia/Calcutta"/>
    <property name="java.awt.printerjob" value="sun.awt.windows.WPrinterJob"/>
    <property name="java.specification.version" value="1.8"/>
    <property name="file.encoding" value="Cp1252"/>
    <property name="user.name" value="navee"/>
    <property name="java.class.path" value="C:\Users\navee\.p2\pool\plugins\org.eclipse.m2e.maven.runtime_1.14.0.20191209-1923\jars\plexus-classworlds-2.6.0.jar"/>
    <property name="java.vm.specification.version" value="1.8"/>
    <property name="sun.arch.data.model" value="64"/>
    <property name="java.home" value="C:\Program Files\Java\jdk1.8.0_241\jre"/>
    <property name="sun.java.command" value="org.codehaus.plexus.classworlds.launcher.Launcher -B install"/>
    <property name="java.specification.vendor" value="Oracle Corporation"/>
    <property name="user.language" value="en"/>
    <property name="awt.toolkit" value="sun.awt.windows.WToolkit"/>
    <property name="java.vm.info" value="mixed mode"/>
    <property name="java.version" value="1.8.0_241"/>
    <property name="java.ext.dirs" value="C:\Program Files\Java\jdk1.8.0_241\jre\lib\ext;C:\Windows\Sun\Java\lib\ext"/>
    <property name="sun.boot.class.path" value="C:\Program Files\Java\jdk1.8.0_241\jre\lib\resources.jar;C:\Program Files\Java\jdk1.8.0_241\jre\lib\rt.jar;C:\Program Files\Java\jdk1.8.0_241\jre\lib\sunrsasign.jar;C:\Program Files\Java\jdk1.8.0_241\jre\lib\jsse.jar;C:\Program Files\Java\jdk1.8.0_241\jre\lib\jce.jar;C:\Program Files\Java\jdk1.8.0_241\jre\lib\charsets.jar;C:\Program Files\Java\jdk1.8.0_241\jre\lib\jfr.jar;C:\Program Files\Java\jdk1.8.0_241\jre\classes"/>
    <property name="java.vendor" value="Oracle Corporation"/>
    <property name="maven.home" value="D:\librarymanagementsystem\librarymanagementspringrest\EMBEDDED"/>
    <property name="file.separator" value="\"/>
    <property name="java.vendor.url.bug" value="http://bugreport.sun.com/bugreport/"/>
    <property name="sun.cpu.endian" value="little"/>
    <property name="sun.io.unicode.encoding" value="UnicodeLittle"/>
    <property name="sun.desktop" value="windows"/>
    <property name="sun.cpu.isalist" value="amd64"/>
  </properties>
  <testcase classname="com.capgemini.librarymanagementspringrest.LibraryDAOTest" name="com.capgemini.librarymanagementspringrest.LibraryDAOTest.testIssueBook" time="0.005">
    <failure type="java.lang.NullPointerException">java.lang.NullPointerException
	at com.capgemini.librarymanagementspringrest.LibraryDAOTest.testIssueBook(LibraryDAOTest.java:93)
</failure>
  </testcase>
  <testcase classname="com.capgemini.librarymanagementspringrest.LibraryDAOTest" name="com.capgemini.librarymanagementspringrest.LibraryDAOTest.testRequestBook" time="0">
    <failure type="java.lang.NullPointerException">java.lang.NullPointerException
	at com.capgemini.librarymanagementspringrest.LibraryDAOTest.testRequestBook(LibraryDAOTest.java:81)
</failure>
  </testcase>
  <testcase classname="com.capgemini.librarymanagementspringrest.LibraryDAOTest" name="com.capgemini.librarymanagementspringrest.LibraryDAOTest.testViewRequests" time="0.016"/>
  <testcase classname="com.capgemini.librarymanagementspringrest.LibraryDAOTest" name="com.capgemini.librarymanagementspringrest.LibraryDAOTest.testRemoveBook" time="0.001">
    <failure type="java.lang.NullPointerException">java.lang.NullPointerException
	at com.capgemini.librarymanagementspringrest.LibraryDAOTest.testRemoveBook(LibraryDAOTest.java:75)
</failure>
  </testcase>
  <testcase classname="com.capgemini.librarymanagementspringrest.LibraryDAOTest" name="com.capgemini.librarymanagementspringrest.LibraryDAOTest.testSearchBook" time="0.001"/>
  <testcase classname="com.capgemini.librarymanagementspringrest.LibraryDAOTest" name="com.capgemini.librarymanagementspringrest.LibraryDAOTest.testReturnBook" time="0">
    <failure type="java.lang.NullPointerException">java.lang.NullPointerException
	at com.capgemini.librarymanagementspringrest.LibraryDAOTest.testReturnBook(LibraryDAOTest.java:105)
</failure>
  </testcase>
  <testcase classname="com.capgemini.librarymanagementspringrest.LibraryDAOTest" name="com.capgemini.librarymanagementspringrest.LibraryDAOTest.testReceiveBook" time="0.001">
    <failure type="java.lang.NullPointerException">java.lang.NullPointerException
	at com.capgemini.librarymanagementspringrest.LibraryDAOTest.testReceiveBook(LibraryDAOTest.java:111)
</failure>
  </testcase>
  <testcase classname="com.capgemini.librarymanagementspringrest.LibraryDAOTest" name="com.capgemini.librarymanagementspringrest.LibraryDAOTest.testLogin" time="0">
    <failure type="java.lang.NullPointerException">java.lang.NullPointerException
	at com.capgemini.librarymanagementspringrest.LibraryDAOTest.testLogin(LibraryDAOTest.java:20)
</failure>
  </testcase>
  <testcase classname="com.capgemini.librarymanagementspringrest.LibraryDAOTest" name="com.capgemini.librarymanagementspringrest.LibraryDAOTest.testUserLogin" time="0.001">
    <failure type="java.lang.NullPointerException">java.lang.NullPointerException
	at com.capgemini.librarymanagementspringrest.LibraryDAOTest.testUserLogin(LibraryDAOTest.java:26)
</failure>
  </testcase>
  <testcase classname="com.capgemini.librarymanagementspringrest.LibraryDAOTest" name="com.capgemini.librarymanagementspringrest.LibraryDAOTest.testAddUser" time="0.002">
    <failure type="java.lang.NullPointerException">java.lang.NullPointerException
	at com.capgemini.librarymanagementspringrest.LibraryDAOTest.testAddUser(LibraryDAOTest.java:39)
</failure>
  </testcase>
  <testcase classname="com.capgemini.librarymanagementspringrest.LibraryDAOTest" name="com.capgemini.librarymanagementspringrest.LibraryDAOTest.testViewUsers" time="0"/>
  <testcase classname="com.capgemini.librarymanagementspringrest.LibraryDAOTest" name="com.capgemini.librarymanagementspringrest.LibraryDAOTest.testAddBook" time="0.001">
    <failure type="java.lang.NullPointerException">java.lang.NullPointerException
	at com.capgemini.librarymanagementspringrest.LibraryDAOTest.testAddBook(LibraryDAOTest.java:57)
</failure>
  </testcase>
  <testcase classname="com.capgemini.librarymanagementspringrest.LibraryDAOTest" name="com.capgemini.librarymanagementspringrest.LibraryDAOTest.testViewBooks" time="0"/>
  <testcase classname="com.capgemini.librarymanagementspringrest.LibraryDAOTest" name="com.capgemini.librarymanagementspringrest.LibraryDAOTest.testChangePassword" time="0">
    <failure type="java.lang.NullPointerException">java.lang.NullPointerException
	at com.capgemini.librarymanagementspringrest.LibraryDAOTest.testChangePassword(LibraryDAOTest.java:99)
</failure>
  </testcase>
</testsuite>